Arguments: 
  /home/marco/.nvm/versions/node/v13.11.0/bin/node /usr/share/yarn/bin/yarn.js install

PATH: 
  /home/marco/.nvm/versions/node/v13.11.0/bin:/usr/local/sbin:/usr/local/bin:/usr/sbin:/usr/bin:/sbin:/bin:/usr/games:/usr/local/games:/snap/bin

Yarn version: 
  1.22.4

Node version: 
  13.11.0

Platform: 
  linux x64

Trace: 
  Error: EPERM: operation not permitted, symlink '../../../../../../uuid/bin/uuid' -> '/media/sf_Projects/TEMPLATE/node_modules/@airgram/web/node_modules/tdweb/node_modules/.bin/uuid'

npm manifest: 
  {
    "name": "TEMPLATE",
    "version": "1.0.0",
    "description": "",
    "private": true,
    "main": "src/electron.js",
    "scripts": {
      "test": "echo \"Error: no test specified\" && exit 1",
      "build:prod": "node scripts/action.js a=build nenv=prod",
      "build:dev": "node scripts/action.js a=build nenv=dev",
      "start:dev": "node scripts/action.js a=start nenv=dev",
      "start:prod": "node scripts/action.js a=start nenv=prod",
      "create": "node scripts/action.js a=create",
      "delete": "node scripts/action.js a=delete",
      "electron-window": "node scripts/action.js a=none electron",
      "electron": "electron .",
      "launcher": "node scripts/action.js a=start nenv=dev p=default/app_launcher electron"
    },
    "protected_projects": [
      "default/*"
    ],
    "keywords": [],
    "author": "",
    "license": "ISC",
    "devDependencies": {
      "@babel/core": "^7.9.0",
      "@babel/preset-env": "^7.9.0",
      "@types/node": "^13.9.4",
      "@types/webpack-env": "^1.15.1",
      "babel-loader": "^8.1.0",
      "babel-polyfill": "^6.26.0",
      "babel-preset-vue": "^2.0.2",
      "coffee-loader": "^0.9.0",
      "copy-webpack-plugin": "^5.1.1",
      "css-loader": "^3.4.2",
      "deepmerge": "^4.2.2",
      "electron": "^8.2.0",
      "file-loader": "^5.1.0",
      "html-webpack-plugin": "^3.2.0",
      "json-loader": "^0.5.7",
      "less": "^3.11.1",
      "less-loader": "^5.0.0",
      "lodash": "^4.17.15",
      "sass": "^1.26.3",
      "sass-loader": "^8.0.2",
      "source-map-loader": "^0.2.4",
      "style-loader": "^1.1.3",
      "ts-loader": "^6.2.2",
      "typescript": "^3.8.3",
      "vue": "^2.6.11",
      "vue-loader": "^15.9.1",
      "vue-template-compiler": "^2.6.11",
      "vuex": "^3.1.3",
      "vuex-persistedstate": "^2.7.1",
      "webpack": "^4.42.1",
      "webpack-cli": "^3.3.11",
      "webpack-dev-server": "^3.10.3",
      "xml-loader": "^1.2.1",
      "yaml-loader": "^0.5.0"
    },
    "dependencies": {
      "@airgram/web": "^3.0.1",
      "airgram": "^3.0.2",
      "args-parser": "^1.1.0",
      "axios": "^0.19.2",
      "coffee": "^5.2.2",
      "coffeescript": "^2.5.1",
      "colors": "^1.4.0",
      "copy-dir": "^1.2.0",
      "directory-tree": "^2.2.4",
      "download-file": "^0.1.5",
      "electron-window-manager": "^1.0.6",
      "events": "^3.1.0",
      "fs-extra": "^9.0.0",
      "jsonfile": "^6.0.1",
      "mkdirp": "^1.0.3",
      "module-alias": "^2.2.2",
      "node-gyp": "^6.1.0",
      "node-sass": "^4.13.1",
      "rebuild": "^0.1.2",
      "rmdir": "^1.2.0",
      "tdweb": "^1.6.0",
      "telegraf": "^3.36.0",
      "telegraf-inline-menu": "^4.0.0",
      "tglib": "^3.0.5",
      "tree-iterate": "^1.1.1",
      "vue-class-component": "^7.2.3",
      "vue-property-decorator": "^8.4.1",
      "wait-for-the-element": "^2.2.0",
      "webpack-node-externals": "^1.7.2",
      "emoji-json-list": "^1.0.0"
    },
    "modulePaths": [
      "<rootDir>/src",
      "<rootDir>/node_modules"
    ]
  }

yarn manifest: 
  No manifest

Lockfile: 
  No lockfile
